build/outputs/logs/manifest-merger-debug-report.txt
-- Merging decision tree log ---
manifest
ADDED from AndroidManifest.xml:2:1-75:12
	package
		ADDED from AndroidManifest.xml:3:5-31
	android:versionName
		ADDED from AndroidManifest.xml:5:5-30
		INJECTED from AndroidManifest.xml
		INJECTED from AndroidManifest.xml
	android:versionCode
		ADDED from AndroidManifest.xml:4:5-28
		INJECTED from AndroidManifest.xml
		INJECTED from AndroidManifest.xml
	xmlns:android
		ADDED from AndroidManifest.xml:2:11-69
	android:installLocation
		ADDED from AndroidManifest.xml:6:5-35
uses-sdk
ADDED from AndroidManifest.xml:9:5-43
	android:minSdkVersion
		ADDED from AndroidManifest.xml:9:15-40
uses-permission#android.permission.BLUETOOTH
ADDED from AndroidManifest.xml:11:5-68
	android:name
		ADDED from AndroidManifest.xml:11:22-65
uses-permission#android.permission.BLUETOOTH_ADMIN
ADDED from AndroidManifest.xml:13:2-71
	android:name
		ADDED from AndroidManifest.xml:13:19-68
uses-permission#android.permission.MOUNT_UNMOUNT_FILESYSTEMS
ADDED from AndroidManifest.xml:15:2-80
	android:name
		ADDED from AndroidManifest.xml:15:19-78
uses-permission#android.permission.WRITE_EXTERNAL_STORAGE
ADDED from AndroidManifest.xml:17:2-77
	android:name
		ADDED from AndroidManifest.xml:17:19-75
uses-permission#android.permission.SEND_SMS
ADDED from AndroidManifest.xml:19:2-63
	android:name
		ADDED from AndroidManifest.xml:19:19-61
application
ADDED from AndroidManifest.xml:24:5-73:19
	android:label
		ADDED from AndroidManifest.xml:26:9-41
	android:icon
		ADDED from AndroidManifest.xml:25:9-45
activity#yun.yjz.dianmin4.welcomeActivity
ADDED from AndroidManifest.xml:27:9-36:20
	android:screenOrientation
		ADDED from AndroidManifest.xml:31:13-49
	android:label
		ADDED from AndroidManifest.xml:29:13-45
	android:configChanges
		ADDED from AndroidManifest.xml:30:13-48
	android:name
		ADDED from AndroidManifest.xml:28:13-60
intent-filter#android.intent.action.MAIN+android.intent.category.LAUNCHER
ADDED from AndroidManifest.xml:32:13-35:29
action#android.intent.action.MAIN
ADDED from AndroidManifest.xml:33:17-69
	android:name
		ADDED from AndroidManifest.xml:33:25-66
category#android.intent.category.LAUNCHER
ADDED from AndroidManifest.xml:34:17-77
	android:name
		ADDED from AndroidManifest.xml:34:27-74
activity#yun.yjz.dianmin4.Dianmin4Activity
ADDED from AndroidManifest.xml:37:9-39:68
	android:screenOrientation
		ADDED from AndroidManifest.xml:39:19-55
	android:configChanges
		ADDED from AndroidManifest.xml:38:19-54
	android:name
		ADDED from AndroidManifest.xml:37:19-50
activity#yun.yjz.dianmin4.chooseClass
ADDED from AndroidManifest.xml:40:9-42:68
	android:screenOrientation
		ADDED from AndroidManifest.xml:42:19-55
	android:configChanges
		ADDED from AndroidManifest.xml:41:19-54
	android:name
		ADDED from AndroidManifest.xml:40:19-45
activity#yun.yjz.dianmin4.drbj
ADDED from AndroidManifest.xml:43:9-45:68
	android:screenOrientation
		ADDED from AndroidManifest.xml:45:19-55
	android:configChanges
		ADDED from AndroidManifest.xml:44:19-54
	android:name
		ADDED from AndroidManifest.xml:43:19-38
activity#yun.yjz.dianmin4.about
ADDED from AndroidManifest.xml:46:9-48:68
	android:screenOrientation
		ADDED from AndroidManifest.xml:48:19-55
	android:configChanges
		ADDED from AndroidManifest.xml:47:19-54
	android:name
		ADDED from AndroidManifest.xml:46:19-39
activity#yun.yjz.dianmin4.cqjl
ADDED from AndroidManifest.xml:49:9-51:68
	android:screenOrientation
		ADDED from AndroidManifest.xml:51:19-55
	android:configChanges
		ADDED from AndroidManifest.xml:50:19-54
	android:name
		ADDED from AndroidManifest.xml:49:19-38
activity#yun.yjz.dianmin4.cqjl2
ADDED from AndroidManifest.xml:52:9-54:68
	android:screenOrientation
		ADDED from AndroidManifest.xml:54:19-55
	android:configChanges
		ADDED from AndroidManifest.xml:53:19-54
	android:name
		ADDED from AndroidManifest.xml:52:19-39
activity#yun.yjz.dianmin4.dianmin
ADDED from AndroidManifest.xml:55:9-57:68
	android:screenOrientation
		ADDED from AndroidManifest.xml:57:19-55
	android:configChanges
		ADDED from AndroidManifest.xml:56:19-54
	android:name
		ADDED from AndroidManifest.xml:55:19-41
activity#yun.yjz.dianmin4.helpActivity
ADDED from AndroidManifest.xml:58:9-60:68
	android:screenOrientation
		ADDED from AndroidManifest.xml:60:19-55
	android:configChanges
		ADDED from AndroidManifest.xml:59:19-54
	android:name
		ADDED from AndroidManifest.xml:58:19-46
activity#yun.yjz.dianmin4.xsmd
ADDED from AndroidManifest.xml:61:9-63:68
	android:screenOrientation
		ADDED from AndroidManifest.xml:63:19-55
	android:configChanges
		ADDED from AndroidManifest.xml:62:19-54
	android:name
		ADDED from AndroidManifest.xml:61:19-38
activity#yun.yjz.dianmin4.xsmd2
ADDED from AndroidManifest.xml:64:9-66:68
	android:screenOrientation
		ADDED from AndroidManifest.xml:66:19-55
	android:configChanges
		ADDED from AndroidManifest.xml:65:19-54
	android:name
		ADDED from AndroidManifest.xml:64:19-39
activity#yun.yjz.dianmin4.CopyOfdrbj
ADDED from AndroidManifest.xml:67:9-69:68
	android:screenOrientation
		ADDED from AndroidManifest.xml:69:19-55
	android:configChanges
		ADDED from AndroidManifest.xml:68:19-54
	android:name
		ADDED from AndroidManifest.xml:67:19-44
activity#yun.yjz.dianmin4.MoreActivity
ADDED from AndroidManifest.xml:70:10-72:68
	android:screenOrientation
		ADDED from AndroidManifest.xml:72:19-55
	android:configChanges
		ADDED from AndroidManifest.xml:71:19-54
	android:name
		ADDED from AndroidManifest.xml:70:20-47